<?xml version="1.0" encoding="UTF-8"?>
<testsuite xmlns:xsi="http://www.w3.org/2001/XMLSchema-instance" xsi:noNamespaceSchemaLocation="https://maven.apache.org/surefire/maven-surefire-plugin/xsd/surefire-test-report.xsd" name="org.apache.iotdb.cluster.query.ClusterPlanExecutorTest" time="1.184" tests="1" errors="0" skipped="0" failures="0">
  <properties>
    <property name="awt.toolkit" value="sun.awt.X11.XToolkit"/>
    <property name="file.encoding.pkg" value="sun.io"/>
    <property name="nondexStart" value="0"/>
    <property name="java.specification.version" value="1.8"/>
    <property name="sun.cpu.isalist" value=""/>
    <property name="sun.jnu.encoding" value="UTF-8"/>
    <property name="java.class.path" value="/home/kejiawu2/mp1/iotdb/cluster/target/test-classes:/home/kejiawu2/mp1/iotdb/cluster/target/classes:/home/kejiawu2/.m2/repository/org/apache/thrift/libthrift/0.14.1/libthrift-0.14.1.jar:/home/kejiawu2/.m2/repository/javax/annotation/javax.annotation-api/1.3.2/javax.annotation-api-1.3.2.jar:/home/kejiawu2/.m2/repository/org/apache/iotdb/service-rpc/0.13.0-SNAPSHOT/service-rpc-0.13.0-SNAPSHOT.jar:/home/kejiawu2/.m2/repository/org/apache/iotdb/tsfile/0.13.0-SNAPSHOT/tsfile-0.13.0-SNAPSHOT.jar:/home/kejiawu2/.m2/repository/org/apache/iotdb/iotdb-thrift/0.13.0-SNAPSHOT/iotdb-thrift-0.13.0-SNAPSHOT.jar:/home/kejiawu2/.m2/repository/org/xerial/snappy/snappy-java/1.1.8.4/snappy-java-1.1.8.4.jar:/home/kejiawu2/.m2/repository/org/apache/iotdb/iotdb-server/0.13.0-SNAPSHOT/iotdb-server-0.13.0-SNAPSHOT.jar:/home/kejiawu2/.m2/repository/org/apache/iotdb/iotdb-antlr/0.13.0-SNAPSHOT/iotdb-antlr-0.13.0-SNAPSHOT.jar:/home/kejiawu2/.m2/repository/org/antlr/antlr4-runtime/4.8-1/antlr4-runtime-4.8-1.jar:/home/kejiawu2/.m2/repository/org/apache/iotdb/iotdb-thrift-sync/0.13.0-SNAPSHOT/iotdb-thrift-sync-0.13.0-SNAPSHOT.jar:/home/kejiawu2/.m2/repository/org/apache/commons/commons-collections4/4.4/commons-collections4-4.4.jar:/home/kejiawu2/.m2/repository/org/apache/commons/commons-lang3/3.8.1/commons-lang3-3.8.1.jar:/home/kejiawu2/.m2/repository/io/airlift/airline/0.8/airline-0.8.jar:/home/kejiawu2/.m2/repository/javax/inject/javax.inject/1/javax.inject-1.jar:/home/kejiawu2/.m2/repository/com/google/guava/guava/31.1-jre/guava-31.1-jre.jar:/home/kejiawu2/.m2/repository/com/google/guava/failureaccess/1.0.1/failureaccess-1.0.1.jar:/home/kejiawu2/.m2/repository/com/google/guava/listenablefuture/9999.0-empty-to-avoid-conflict-with-guava/listenablefuture-9999.0-empty-to-avoid-conflict-with-guava.jar:/home/kejiawu2/.m2/repository/com/google/j2objc/j2objc-annotations/1.3/j2objc-annotations-1.3.jar:/home/kejiawu2/.m2/repository/org/eclipse/jetty/jetty-server/9.4.35.v20201120/jetty-server-9.4.35.v20201120.jar:/home/kejiawu2/.m2/repository/javax/servlet/javax.servlet-api/3.1.0/javax.servlet-api-3.1.0.jar:/home/kejiawu2/.m2/repository/org/eclipse/jetty/jetty-http/9.4.35.v20201120/jetty-http-9.4.35.v20201120.jar:/home/kejiawu2/.m2/repository/org/eclipse/jetty/jetty-util/9.4.35.v20201120/jetty-util-9.4.35.v20201120.jar:/home/kejiawu2/.m2/repository/org/eclipse/jetty/jetty-io/9.4.35.v20201120/jetty-io-9.4.35.v20201120.jar:/home/kejiawu2/.m2/repository/org/eclipse/jetty/jetty-webapp/9.4.35.v20201120/jetty-webapp-9.4.35.v20201120.jar:/home/kejiawu2/.m2/repository/org/eclipse/jetty/jetty-xml/9.4.35.v20201120/jetty-xml-9.4.35.v20201120.jar:/home/kejiawu2/.m2/repository/org/eclipse/jetty/jetty-servlet/9.4.35.v20201120/jetty-servlet-9.4.35.v20201120.jar:/home/kejiawu2/.m2/repository/org/eclipse/jetty/jetty-security/9.4.35.v20201120/jetty-security-9.4.35.v20201120.jar:/home/kejiawu2/.m2/repository/org/eclipse/jetty/jetty-util-ajax/9.4.35.v20201120/jetty-util-ajax-9.4.35.v20201120.jar:/home/kejiawu2/.m2/repository/io/dropwizard/metrics/metrics-core/4.2.4/metrics-core-4.2.4.jar:/home/kejiawu2/.m2/repository/io/dropwizard/metrics/metrics-jvm/4.2.4/metrics-jvm-4.2.4.jar:/home/kejiawu2/.m2/repository/io/dropwizard/metrics/metrics-json/4.2.4/metrics-json-4.2.4.jar:/home/kejiawu2/.m2/repository/com/fasterxml/jackson/core/jackson-core/2.11.0/jackson-core-2.11.0.jar:/home/kejiawu2/.m2/repository/com/fasterxml/jackson/core/jackson-databind/2.11.0/jackson-databind-2.11.0.jar:/home/kejiawu2/.m2/repository/de/fraunhofer/iosb/io/moquette/moquette-broker/0.14.3/moquette-broker-0.14.3.jar:/home/kejiawu2/.m2/repository/io/netty/netty-common/4.1.53.Final/netty-common-4.1.53.Final.jar:/home/kejiawu2/.m2/repository/io/netty/netty-transport/4.1.53.Final/netty-transport-4.1.53.Final.jar:/home/kejiawu2/.m2/repository/io/netty/netty-resolver/4.1.53.Final/netty-resolver-4.1.53.Final.jar:/home/kejiawu2/.m2/repository/io/netty/netty-handler/4.1.53.Final/netty-handler-4.1.53.Final.jar:/home/kejiawu2/.m2/repository/io/netty/netty-codec/4.1.53.Final/netty-codec-4.1.53.Final.jar:/home/kejiawu2/.m2/repository/io/netty/netty-codec-http/4.1.53.Final/netty-codec-http-4.1.53.Final.jar:/home/kejiawu2/.m2/repository/io/netty/netty-codec-mqtt/4.1.53.Final/netty-codec-mqtt-4.1.53.Final.jar:/home/kejiawu2/.m2/repository/io/netty/netty-transport-native-epoll/4.1.53.Final/netty-transport-native-epoll-4.1.53.Final-linux-x86_64.jar:/home/kejiawu2/.m2/repository/io/netty/netty-transport-native-unix-common/4.1.53.Final/netty-transport-native-unix-common-4.1.53.Final.jar:/home/kejiawu2/.m2/repository/com/h2database/h2-mvstore/1.4.199/h2-mvstore-1.4.199.jar:/home/kejiawu2/.m2/repository/com/librato/metrics/metrics-librato/5.1.0/metrics-librato-5.1.0.jar:/home/kejiawu2/.m2/repository/com/librato/metrics/librato-java/2.1.0/librato-java-2.1.0.jar:/home/kejiawu2/.m2/repository/com/bugsnag/bugsnag/3.6.4/bugsnag-3.6.4.jar:/home/kejiawu2/.m2/repository/commons-codec/commons-codec/1.13/commons-codec-1.13.jar:/home/kejiawu2/.m2/repository/io/jsonwebtoken/jjwt-api/0.10.7/jjwt-api-0.10.7.jar:/home/kejiawu2/.m2/repository/io/jsonwebtoken/jjwt-impl/0.10.7/jjwt-impl-0.10.7.jar:/home/kejiawu2/.m2/repository/io/jsonwebtoken/jjwt-jackson/0.10.7/jjwt-jackson-0.10.7.jar:/home/kejiawu2/.m2/repository/com/nimbusds/oauth2-oidc-sdk/8.3/oauth2-oidc-sdk-8.3.jar:/home/kejiawu2/.m2/repository/com/github/stephenc/jcip/jcip-annotations/1.0-1/jcip-annotations-1.0-1.jar:/home/kejiawu2/.m2/repository/com/nimbusds/content-type/2.0/content-type-2.0.jar:/home/kejiawu2/.m2/repository/net/minidev/json-smart/2.3/json-smart-2.3.jar:/home/kejiawu2/.m2/repository/net/minidev/accessors-smart/1.2/accessors-smart-1.2.jar:/home/kejiawu2/.m2/repository/org/ow2/asm/asm/5.0.4/asm-5.0.4.jar:/home/kejiawu2/.m2/repository/com/nimbusds/lang-tag/1.4.4/lang-tag-1.4.4.jar:/home/kejiawu2/.m2/repository/com/nimbusds/nimbus-jose-jwt/8.14.1/nimbus-jose-jwt-8.14.1.jar:/home/kejiawu2/.m2/repository/com/google/code/gson/gson/2.8.6/gson-2.8.6.jar:/home/kejiawu2/.m2/repository/io/netty/netty-buffer/4.1.53.Final/netty-buffer-4.1.53.Final.jar:/home/kejiawu2/.m2/repository/org/fusesource/mqtt-client/mqtt-client/1.12/mqtt-client-1.12.jar:/home/kejiawu2/.m2/repository/org/fusesource/hawtdispatch/hawtdispatch-transport/1.21/hawtdispatch-transport-1.21.jar:/home/kejiawu2/.m2/repository/org/fusesource/hawtdispatch/hawtdispatch/1.21/hawtdispatch-1.21.jar:/home/kejiawu2/.m2/repository/org/fusesource/hawtbuf/hawtbuf/1.10/hawtbuf-1.10.jar:/home/kejiawu2/.m2/repository/org/apache/httpcomponents/httpclient/4.5.13/httpclient-4.5.13.jar:/home/kejiawu2/.m2/repository/org/apache/httpcomponents/httpcore/4.4.13/httpcore-4.4.13.jar:/home/kejiawu2/.m2/repository/commons-logging/commons-logging/1.1.3/commons-logging-1.1.3.jar:/home/kejiawu2/.m2/repository/com/github/ben-manes/caffeine/caffeine/2.9.1/caffeine-2.9.1.jar:/home/kejiawu2/.m2/repository/org/checkerframework/checker-qual/3.10.0/checker-qual-3.10.0.jar:/home/kejiawu2/.m2/repository/com/google/errorprone/error_prone_annotations/2.7.1/error_prone_annotations-2.7.1.jar:/home/kejiawu2/.m2/repository/commons-io/commons-io/2.11.0/commons-io-2.11.0.jar:/home/kejiawu2/.m2/repository/org/apache/iotdb/iotdb-thrift-cluster/0.13.0-SNAPSHOT/iotdb-thrift-cluster-0.13.0-SNAPSHOT.jar:/home/kejiawu2/.m2/repository/org/apache/iotdb/iotdb-server/0.13.0-SNAPSHOT/iotdb-server-0.13.0-SNAPSHOT-tests.jar:/home/kejiawu2/.m2/repository/org/apache/iotdb/iotdb-session/0.13.0-SNAPSHOT/iotdb-session-0.13.0-SNAPSHOT.jar:/home/kejiawu2/.m2/repository/org/apache/iotdb/iotdb-jdbc/0.13.0-SNAPSHOT/iotdb-jdbc-0.13.0-SNAPSHOT.jar:/home/kejiawu2/.m2/repository/org/osgi/osgi.cmpn/6.0.0/osgi.cmpn-6.0.0.jar:/home/kejiawu2/.m2/repository/org/ops4j/pax/jdbc/pax-jdbc-common/1.4.5/pax-jdbc-common-1.4.5.jar:/home/kejiawu2/.m2/repository/org/slf4j/jcl-over-slf4j/1.7.32/jcl-over-slf4j-1.7.32.jar:/home/kejiawu2/.m2/repository/org/osgi/org.osgi.core/6.0.0/org.osgi.core-6.0.0.jar:/home/kejiawu2/.m2/repository/commons-cli/commons-cli/1.3.1/commons-cli-1.3.1.jar:/home/kejiawu2/.m2/repository/org/awaitility/awaitility/4.0.2/awaitility-4.0.2.jar:/home/kejiawu2/.m2/repository/org/hamcrest/hamcrest/2.1/hamcrest-2.1.jar:/home/kejiawu2/.m2/repository/org/powermock/powermock-core/2.0.2/powermock-core-2.0.2.jar:/home/kejiawu2/.m2/repository/org/powermock/powermock-reflect/2.0.2/powermock-reflect-2.0.2.jar:/home/kejiawu2/.m2/repository/org/objenesis/objenesis/3.0.1/objenesis-3.0.1.jar:/home/kejiawu2/.m2/repository/org/javassist/javassist/3.24.0-GA/javassist-3.24.0-GA.jar:/home/kejiawu2/.m2/repository/net/bytebuddy/byte-buddy/1.9.3/byte-buddy-1.9.3.jar:/home/kejiawu2/.m2/repository/net/bytebuddy/byte-buddy-agent/1.9.3/byte-buddy-agent-1.9.3.jar:/home/kejiawu2/.m2/repository/org/powermock/powermock-module-junit4/2.0.2/powermock-module-junit4-2.0.2.jar:/home/kejiawu2/.m2/repository/org/powermock/powermock-module-junit4-common/2.0.2/powermock-module-junit4-common-2.0.2.jar:/home/kejiawu2/.m2/repository/org/hamcrest/hamcrest-core/1.3/hamcrest-core-1.3.jar:/home/kejiawu2/.m2/repository/org/powermock/powermock-api-mockito2/2.0.9/powermock-api-mockito2-2.0.9.jar:/home/kejiawu2/.m2/repository/org/powermock/powermock-api-support/2.0.9/powermock-api-support-2.0.9.jar:/home/kejiawu2/.m2/repository/org/mockito/mockito-core/2.23.0/mockito-core-2.23.0.jar:/home/kejiawu2/.m2/repository/ch/qos/logback/logback-classic/1.2.3/logback-classic-1.2.3.jar:/home/kejiawu2/.m2/repository/ch/qos/logback/logback-core/1.2.3/logback-core-1.2.3.jar:/home/kejiawu2/.m2/repository/org/slf4j/slf4j-api/1.7.32/slf4j-api-1.7.32.jar:/home/kejiawu2/.m2/repository/junit/junit/4.13.2/junit-4.13.2.jar:/home/kejiawu2/.m2/repository/org/mockito/mockito-all/1.10.19/mockito-all-1.10.19.jar:/home/kejiawu2/.m2/repository/org/testcontainers/testcontainers/1.15.2/testcontainers-1.15.2.jar:/home/kejiawu2/.m2/repository/org/apache/commons/commons-compress/1.21/commons-compress-1.21.jar:/home/kejiawu2/.m2/repository/org/rnorth/duct-tape/duct-tape/1.0.8/duct-tape-1.0.8.jar:/home/kejiawu2/.m2/repository/org/rnorth/visible-assertions/visible-assertions/2.1.2/visible-assertions-2.1.2.jar:/home/kejiawu2/.m2/repository/net/java/dev/jna/jna/5.5.0/jna-5.5.0.jar:/home/kejiawu2/.m2/repository/com/github/docker-java/docker-java-api/3.2.7/docker-java-api-3.2.7.jar:/home/kejiawu2/.m2/repository/com/fasterxml/jackson/core/jackson-annotations/2.11.0/jackson-annotations-2.11.0.jar:/home/kejiawu2/.m2/repository/com/github/docker-java/docker-java-transport-zerodep/3.2.7/docker-java-transport-zerodep-3.2.7.jar:/home/kejiawu2/.m2/repository/com/github/docker-java/docker-java-transport/3.2.7/docker-java-transport-3.2.7.jar:"/>
    <property name="java.vm.vendor" value="Private Build"/>
    <property name="nondexPrintstack" value="false"/>
    <property name="sun.arch.data.model" value="64"/>
    <property name="java.vendor.url" value="http://java.oracle.com/"/>
    <property name="user.timezone" value=""/>
    <property name="java.vm.specification.version" value="1.8"/>
    <property name="os.name" value="Linux"/>
    <property name="user.country" value="US"/>
    <property name="sun.java.launcher" value="SUN_STANDARD"/>
    <property name="sun.boot.library.path" value="/usr/lib/jvm/java-8-openjdk-amd64/jre/lib/amd64"/>
    <property name="nondexLogging" value="CONFIG"/>
    <property name="sun.java.command" value="/home/kejiawu2/mp1/iotdb/cluster/target/surefire/surefirebooter7738678761811088963.jar /home/kejiawu2/mp1/iotdb/cluster/target/surefire 2022-08-27T08-47-23_237-jvmRun1 surefire8753736262974242323tmp surefire_03121279572477599183tmp"/>
    <property name="test" value="org.apache.iotdb.cluster.query.ClusterPlanExecutorTest#testGetAllStorageGroupNodes"/>
    <property name="surefire.test.class.path" value="/home/kejiawu2/mp1/iotdb/cluster/target/test-classes:/home/kejiawu2/mp1/iotdb/cluster/target/classes:/home/kejiawu2/.m2/repository/org/apache/thrift/libthrift/0.14.1/libthrift-0.14.1.jar:/home/kejiawu2/.m2/repository/javax/annotation/javax.annotation-api/1.3.2/javax.annotation-api-1.3.2.jar:/home/kejiawu2/.m2/repository/org/apache/iotdb/service-rpc/0.13.0-SNAPSHOT/service-rpc-0.13.0-SNAPSHOT.jar:/home/kejiawu2/.m2/repository/org/apache/iotdb/tsfile/0.13.0-SNAPSHOT/tsfile-0.13.0-SNAPSHOT.jar:/home/kejiawu2/.m2/repository/org/apache/iotdb/iotdb-thrift/0.13.0-SNAPSHOT/iotdb-thrift-0.13.0-SNAPSHOT.jar:/home/kejiawu2/.m2/repository/org/xerial/snappy/snappy-java/1.1.8.4/snappy-java-1.1.8.4.jar:/home/kejiawu2/.m2/repository/org/apache/iotdb/iotdb-server/0.13.0-SNAPSHOT/iotdb-server-0.13.0-SNAPSHOT.jar:/home/kejiawu2/.m2/repository/org/apache/iotdb/iotdb-antlr/0.13.0-SNAPSHOT/iotdb-antlr-0.13.0-SNAPSHOT.jar:/home/kejiawu2/.m2/repository/org/antlr/antlr4-runtime/4.8-1/antlr4-runtime-4.8-1.jar:/home/kejiawu2/.m2/repository/org/apache/iotdb/iotdb-thrift-sync/0.13.0-SNAPSHOT/iotdb-thrift-sync-0.13.0-SNAPSHOT.jar:/home/kejiawu2/.m2/repository/org/apache/commons/commons-collections4/4.4/commons-collections4-4.4.jar:/home/kejiawu2/.m2/repository/org/apache/commons/commons-lang3/3.8.1/commons-lang3-3.8.1.jar:/home/kejiawu2/.m2/repository/io/airlift/airline/0.8/airline-0.8.jar:/home/kejiawu2/.m2/repository/javax/inject/javax.inject/1/javax.inject-1.jar:/home/kejiawu2/.m2/repository/com/google/guava/guava/31.1-jre/guava-31.1-jre.jar:/home/kejiawu2/.m2/repository/com/google/guava/failureaccess/1.0.1/failureaccess-1.0.1.jar:/home/kejiawu2/.m2/repository/com/google/guava/listenablefuture/9999.0-empty-to-avoid-conflict-with-guava/listenablefuture-9999.0-empty-to-avoid-conflict-with-guava.jar:/home/kejiawu2/.m2/repository/com/google/j2objc/j2objc-annotations/1.3/j2objc-annotations-1.3.jar:/home/kejiawu2/.m2/repository/org/eclipse/jetty/jetty-server/9.4.35.v20201120/jetty-server-9.4.35.v20201120.jar:/home/kejiawu2/.m2/repository/javax/servlet/javax.servlet-api/3.1.0/javax.servlet-api-3.1.0.jar:/home/kejiawu2/.m2/repository/org/eclipse/jetty/jetty-http/9.4.35.v20201120/jetty-http-9.4.35.v20201120.jar:/home/kejiawu2/.m2/repository/org/eclipse/jetty/jetty-util/9.4.35.v20201120/jetty-util-9.4.35.v20201120.jar:/home/kejiawu2/.m2/repository/org/eclipse/jetty/jetty-io/9.4.35.v20201120/jetty-io-9.4.35.v20201120.jar:/home/kejiawu2/.m2/repository/org/eclipse/jetty/jetty-webapp/9.4.35.v20201120/jetty-webapp-9.4.35.v20201120.jar:/home/kejiawu2/.m2/repository/org/eclipse/jetty/jetty-xml/9.4.35.v20201120/jetty-xml-9.4.35.v20201120.jar:/home/kejiawu2/.m2/repository/org/eclipse/jetty/jetty-servlet/9.4.35.v20201120/jetty-servlet-9.4.35.v20201120.jar:/home/kejiawu2/.m2/repository/org/eclipse/jetty/jetty-security/9.4.35.v20201120/jetty-security-9.4.35.v20201120.jar:/home/kejiawu2/.m2/repository/org/eclipse/jetty/jetty-util-ajax/9.4.35.v20201120/jetty-util-ajax-9.4.35.v20201120.jar:/home/kejiawu2/.m2/repository/io/dropwizard/metrics/metrics-core/4.2.4/metrics-core-4.2.4.jar:/home/kejiawu2/.m2/repository/io/dropwizard/metrics/metrics-jvm/4.2.4/metrics-jvm-4.2.4.jar:/home/kejiawu2/.m2/repository/io/dropwizard/metrics/metrics-json/4.2.4/metrics-json-4.2.4.jar:/home/kejiawu2/.m2/repository/com/fasterxml/jackson/core/jackson-core/2.11.0/jackson-core-2.11.0.jar:/home/kejiawu2/.m2/repository/com/fasterxml/jackson/core/jackson-databind/2.11.0/jackson-databind-2.11.0.jar:/home/kejiawu2/.m2/repository/de/fraunhofer/iosb/io/moquette/moquette-broker/0.14.3/moquette-broker-0.14.3.jar:/home/kejiawu2/.m2/repository/io/netty/netty-common/4.1.53.Final/netty-common-4.1.53.Final.jar:/home/kejiawu2/.m2/repository/io/netty/netty-transport/4.1.53.Final/netty-transport-4.1.53.Final.jar:/home/kejiawu2/.m2/repository/io/netty/netty-resolver/4.1.53.Final/netty-resolver-4.1.53.Final.jar:/home/kejiawu2/.m2/repository/io/netty/netty-handler/4.1.53.Final/netty-handler-4.1.53.Final.jar:/home/kejiawu2/.m2/repository/io/netty/netty-codec/4.1.53.Final/netty-codec-4.1.53.Final.jar:/home/kejiawu2/.m2/repository/io/netty/netty-codec-http/4.1.53.Final/netty-codec-http-4.1.53.Final.jar:/home/kejiawu2/.m2/repository/io/netty/netty-codec-mqtt/4.1.53.Final/netty-codec-mqtt-4.1.53.Final.jar:/home/kejiawu2/.m2/repository/io/netty/netty-transport-native-epoll/4.1.53.Final/netty-transport-native-epoll-4.1.53.Final-linux-x86_64.jar:/home/kejiawu2/.m2/repository/io/netty/netty-transport-native-unix-common/4.1.53.Final/netty-transport-native-unix-common-4.1.53.Final.jar:/home/kejiawu2/.m2/repository/com/h2database/h2-mvstore/1.4.199/h2-mvstore-1.4.199.jar:/home/kejiawu2/.m2/repository/com/librato/metrics/metrics-librato/5.1.0/metrics-librato-5.1.0.jar:/home/kejiawu2/.m2/repository/com/librato/metrics/librato-java/2.1.0/librato-java-2.1.0.jar:/home/kejiawu2/.m2/repository/com/bugsnag/bugsnag/3.6.4/bugsnag-3.6.4.jar:/home/kejiawu2/.m2/repository/commons-codec/commons-codec/1.13/commons-codec-1.13.jar:/home/kejiawu2/.m2/repository/io/jsonwebtoken/jjwt-api/0.10.7/jjwt-api-0.10.7.jar:/home/kejiawu2/.m2/repository/io/jsonwebtoken/jjwt-impl/0.10.7/jjwt-impl-0.10.7.jar:/home/kejiawu2/.m2/repository/io/jsonwebtoken/jjwt-jackson/0.10.7/jjwt-jackson-0.10.7.jar:/home/kejiawu2/.m2/repository/com/nimbusds/oauth2-oidc-sdk/8.3/oauth2-oidc-sdk-8.3.jar:/home/kejiawu2/.m2/repository/com/github/stephenc/jcip/jcip-annotations/1.0-1/jcip-annotations-1.0-1.jar:/home/kejiawu2/.m2/repository/com/nimbusds/content-type/2.0/content-type-2.0.jar:/home/kejiawu2/.m2/repository/net/minidev/json-smart/2.3/json-smart-2.3.jar:/home/kejiawu2/.m2/repository/net/minidev/accessors-smart/1.2/accessors-smart-1.2.jar:/home/kejiawu2/.m2/repository/org/ow2/asm/asm/5.0.4/asm-5.0.4.jar:/home/kejiawu2/.m2/repository/com/nimbusds/lang-tag/1.4.4/lang-tag-1.4.4.jar:/home/kejiawu2/.m2/repository/com/nimbusds/nimbus-jose-jwt/8.14.1/nimbus-jose-jwt-8.14.1.jar:/home/kejiawu2/.m2/repository/com/google/code/gson/gson/2.8.6/gson-2.8.6.jar:/home/kejiawu2/.m2/repository/io/netty/netty-buffer/4.1.53.Final/netty-buffer-4.1.53.Final.jar:/home/kejiawu2/.m2/repository/org/fusesource/mqtt-client/mqtt-client/1.12/mqtt-client-1.12.jar:/home/kejiawu2/.m2/repository/org/fusesource/hawtdispatch/hawtdispatch-transport/1.21/hawtdispatch-transport-1.21.jar:/home/kejiawu2/.m2/repository/org/fusesource/hawtdispatch/hawtdispatch/1.21/hawtdispatch-1.21.jar:/home/kejiawu2/.m2/repository/org/fusesource/hawtbuf/hawtbuf/1.10/hawtbuf-1.10.jar:/home/kejiawu2/.m2/repository/org/apache/httpcomponents/httpclient/4.5.13/httpclient-4.5.13.jar:/home/kejiawu2/.m2/repository/org/apache/httpcomponents/httpcore/4.4.13/httpcore-4.4.13.jar:/home/kejiawu2/.m2/repository/commons-logging/commons-logging/1.1.3/commons-logging-1.1.3.jar:/home/kejiawu2/.m2/repository/com/github/ben-manes/caffeine/caffeine/2.9.1/caffeine-2.9.1.jar:/home/kejiawu2/.m2/repository/org/checkerframework/checker-qual/3.10.0/checker-qual-3.10.0.jar:/home/kejiawu2/.m2/repository/com/google/errorprone/error_prone_annotations/2.7.1/error_prone_annotations-2.7.1.jar:/home/kejiawu2/.m2/repository/commons-io/commons-io/2.11.0/commons-io-2.11.0.jar:/home/kejiawu2/.m2/repository/org/apache/iotdb/iotdb-thrift-cluster/0.13.0-SNAPSHOT/iotdb-thrift-cluster-0.13.0-SNAPSHOT.jar:/home/kejiawu2/.m2/repository/org/apache/iotdb/iotdb-server/0.13.0-SNAPSHOT/iotdb-server-0.13.0-SNAPSHOT-tests.jar:/home/kejiawu2/.m2/repository/org/apache/iotdb/iotdb-session/0.13.0-SNAPSHOT/iotdb-session-0.13.0-SNAPSHOT.jar:/home/kejiawu2/.m2/repository/org/apache/iotdb/iotdb-jdbc/0.13.0-SNAPSHOT/iotdb-jdbc-0.13.0-SNAPSHOT.jar:/home/kejiawu2/.m2/repository/org/osgi/osgi.cmpn/6.0.0/osgi.cmpn-6.0.0.jar:/home/kejiawu2/.m2/repository/org/ops4j/pax/jdbc/pax-jdbc-common/1.4.5/pax-jdbc-common-1.4.5.jar:/home/kejiawu2/.m2/repository/org/slf4j/jcl-over-slf4j/1.7.32/jcl-over-slf4j-1.7.32.jar:/home/kejiawu2/.m2/repository/org/osgi/org.osgi.core/6.0.0/org.osgi.core-6.0.0.jar:/home/kejiawu2/.m2/repository/commons-cli/commons-cli/1.3.1/commons-cli-1.3.1.jar:/home/kejiawu2/.m2/repository/org/awaitility/awaitility/4.0.2/awaitility-4.0.2.jar:/home/kejiawu2/.m2/repository/org/hamcrest/hamcrest/2.1/hamcrest-2.1.jar:/home/kejiawu2/.m2/repository/org/powermock/powermock-core/2.0.2/powermock-core-2.0.2.jar:/home/kejiawu2/.m2/repository/org/powermock/powermock-reflect/2.0.2/powermock-reflect-2.0.2.jar:/home/kejiawu2/.m2/repository/org/objenesis/objenesis/3.0.1/objenesis-3.0.1.jar:/home/kejiawu2/.m2/repository/org/javassist/javassist/3.24.0-GA/javassist-3.24.0-GA.jar:/home/kejiawu2/.m2/repository/net/bytebuddy/byte-buddy/1.9.3/byte-buddy-1.9.3.jar:/home/kejiawu2/.m2/repository/net/bytebuddy/byte-buddy-agent/1.9.3/byte-buddy-agent-1.9.3.jar:/home/kejiawu2/.m2/repository/org/powermock/powermock-module-junit4/2.0.2/powermock-module-junit4-2.0.2.jar:/home/kejiawu2/.m2/repository/org/powermock/powermock-module-junit4-common/2.0.2/powermock-module-junit4-common-2.0.2.jar:/home/kejiawu2/.m2/repository/org/hamcrest/hamcrest-core/1.3/hamcrest-core-1.3.jar:/home/kejiawu2/.m2/repository/org/powermock/powermock-api-mockito2/2.0.9/powermock-api-mockito2-2.0.9.jar:/home/kejiawu2/.m2/repository/org/powermock/powermock-api-support/2.0.9/powermock-api-support-2.0.9.jar:/home/kejiawu2/.m2/repository/org/mockito/mockito-core/2.23.0/mockito-core-2.23.0.jar:/home/kejiawu2/.m2/repository/ch/qos/logback/logback-classic/1.2.3/logback-classic-1.2.3.jar:/home/kejiawu2/.m2/repository/ch/qos/logback/logback-core/1.2.3/logback-core-1.2.3.jar:/home/kejiawu2/.m2/repository/org/slf4j/slf4j-api/1.7.32/slf4j-api-1.7.32.jar:/home/kejiawu2/.m2/repository/junit/junit/4.13.2/junit-4.13.2.jar:/home/kejiawu2/.m2/repository/org/mockito/mockito-all/1.10.19/mockito-all-1.10.19.jar:/home/kejiawu2/.m2/repository/org/testcontainers/testcontainers/1.15.2/testcontainers-1.15.2.jar:/home/kejiawu2/.m2/repository/org/apache/commons/commons-compress/1.21/commons-compress-1.21.jar:/home/kejiawu2/.m2/repository/org/rnorth/duct-tape/duct-tape/1.0.8/duct-tape-1.0.8.jar:/home/kejiawu2/.m2/repository/org/rnorth/visible-assertions/visible-assertions/2.1.2/visible-assertions-2.1.2.jar:/home/kejiawu2/.m2/repository/net/java/dev/jna/jna/5.5.0/jna-5.5.0.jar:/home/kejiawu2/.m2/repository/com/github/docker-java/docker-java-api/3.2.7/docker-java-api-3.2.7.jar:/home/kejiawu2/.m2/repository/com/fasterxml/jackson/core/jackson-annotations/2.11.0/jackson-annotations-2.11.0.jar:/home/kejiawu2/.m2/repository/com/github/docker-java/docker-java-transport-zerodep/3.2.7/docker-java-transport-zerodep-3.2.7.jar:/home/kejiawu2/.m2/repository/com/github/docker-java/docker-java-transport/3.2.7/docker-java-transport-3.2.7.jar:"/>
    <property name="nondexExecid" value="clean_63jShDv4ZIXBLLl0+EIPveWkVJyQf9JsKXcCKCIViA="/>
    <property name="sun.cpu.endian" value="little"/>
    <property name="user.home" value="/home/kejiawu2"/>
    <property name="user.language" value="en"/>
    <property name="java.specification.vendor" value="Oracle Corporation"/>
    <property name="java.home" value="/usr/lib/jvm/java-8-openjdk-amd64/jre"/>
    <property name="basedir" value="/home/kejiawu2/mp1/iotdb/cluster"/>
    <property name="file.separator" value="/"/>
    <property name="nondexEnd" value="9223372036854775807"/>
    <property name="line.separator" value="&#10;"/>
    <property name="java.vm.specification.vendor" value="Oracle Corporation"/>
    <property name="java.specification.name" value="Java Platform API Specification"/>
    <property name="java.awt.graphicsenv" value="sun.awt.X11GraphicsEnvironment"/>
    <property name="nondexFilter" value=".*"/>
    <property name="nondexSeed" value="933178"/>
    <property name="surefire.real.class.path" value="/home/kejiawu2/mp1/iotdb/cluster/target/surefire/surefirebooter7738678761811088963.jar"/>
    <property name="sun.boot.class.path" value="/usr/lib/jvm/java-8-openjdk-amd64/jre/lib/resources.jar:/usr/lib/jvm/java-8-openjdk-amd64/jre/lib/rt.jar:/usr/lib/jvm/java-8-openjdk-amd64/jre/lib/sunrsasign.jar:/usr/lib/jvm/java-8-openjdk-amd64/jre/lib/jsse.jar:/usr/lib/jvm/java-8-openjdk-amd64/jre/lib/jce.jar:/usr/lib/jvm/java-8-openjdk-amd64/jre/lib/charsets.jar:/usr/lib/jvm/java-8-openjdk-amd64/jre/lib/jfr.jar:/usr/lib/jvm/java-8-openjdk-amd64/jre/classes"/>
    <property name="sun.management.compiler" value="HotSpot 64-Bit Tiered Compilers"/>
    <property name="java.runtime.version" value="1.8.0_342-8u342-b07-0ubuntu1~20.04-b07"/>
    <property name="user.name" value="kejiawu2"/>
    <property name="path.separator" value=":"/>
    <property name="os.version" value="5.4.0-124-generic"/>
    <property name="java.endorsed.dirs" value="/usr/lib/jvm/java-8-openjdk-amd64/jre/lib/endorsed"/>
    <property name="java.runtime.name" value="OpenJDK Runtime Environment"/>
    <property name="file.encoding" value="UTF-8"/>
    <property name="java.vm.name" value="OpenJDK 64-Bit Server VM"/>
    <property name="localRepository" value="/home/kejiawu2/.m2/repository"/>
    <property name="nondexDir" value="/home/kejiawu2/mp1/iotdb/cluster/.nondex"/>
    <property name="nondexJarDir" value=".nondex"/>
    <property name="java.vendor.url.bug" value="http://bugreport.sun.com/bugreport/"/>
    <property name="java.io.tmpdir" value="/tmp"/>
    <property name="java.version" value="1.8.0_342"/>
    <property name="user.dir" value="/home/kejiawu2/mp1/iotdb/cluster"/>
    <property name="os.arch" value="amd64"/>
    <property name="nondexMode" value="FULL"/>
    <property name="java.vm.specification.name" value="Java Virtual Machine Specification"/>
    <property name="java.awt.printerjob" value="sun.print.PSPrinterJob"/>
    <property name="sun.os.patch.level" value="unknown"/>
    <property name="java.library.path" value="/usr/java/packages/lib/amd64:/usr/lib/x86_64-linux-gnu/jni:/lib/x86_64-linux-gnu:/usr/lib/x86_64-linux-gnu:/usr/lib/jni:/lib:/usr/lib"/>
    <property name="java.vm.info" value="mixed mode"/>
    <property name="java.vendor" value="Private Build"/>
    <property name="java.vm.version" value="25.342-b07"/>
    <property name="java.ext.dirs" value="/usr/lib/jvm/java-8-openjdk-amd64/jre/lib/ext:/usr/java/packages/lib/ext"/>
    <property name="sun.io.unicode.encoding" value="UnicodeLittle"/>
    <property name="java.class.version" value="52.0"/>
  </properties>
  <testcase name="testGetAllStorageGroupNodes" classname="org.apache.iotdb.cluster.query.ClusterPlanExecutorTest" time="1.074"/>
</testsuite>